<?xml version="1.0" encoding="UTF-8"?>
<!-- Generated by org.testng.reporters.JUnitReportReporter -->
<testsuite hostname="Vamsi" failures="0" tests="1" name="Modules.Timesheet" time="2.134" errors="0" timestamp="2024-07-31T14:43:31 IST" skipped="0">
  <testcase classname="Modules.Timesheet" name="TimeSheetIcon" time="2.134"/>
</testsuite> <!-- Modules.Timesheet -->
