<?xml version="1.0" encoding="UTF-8"?>
<!-- Generated by org.testng.reporters.JUnitReportReporter -->
<testsuite hostname="Vamsi" failures="0" tests="4" name="Utils.ExtentReportConfiguration" time="0.754" errors="0" timestamp="2024-07-31T08:25:15 IST" skipped="0">
  <testcase classname="Utils.ExtentReportConfiguration" name="getExtentReport" time="0.365"/>
  <testcase classname="Utils.ExtentReportConfiguration" name="testcase1" time="0.010"/>
  <testcase classname="Utils.ExtentReportConfiguration" name="testcase2" time="0.001"/>
  <testcase classname="Utils.ExtentReportConfiguration" name="close" time="0.378"/>
</testsuite> <!-- Utils.ExtentReportConfiguration -->
