<?xml version="1.0" encoding="UTF-8"?>
<!-- Generated by org.testng.reporters.JUnitReportReporter -->
<testsuite hostname="Vamsi" failures="0" tests="1" name="Modules.ApplyLeavePageFactory" time="3.107" errors="0" timestamp="2024-07-20T08:58:07 IST" skipped="0">
  <testcase classname="Modules.ApplyLeavePageFactory" name="ClickOnApply" time="3.107"/>
</testsuite> <!-- Modules.ApplyLeavePageFactory -->
