<?xml version="1.0" encoding="UTF-8"?>
<!-- Generated by org.testng.reporters.JUnitReportReporter -->
<testsuite hostname="Vamsi" failures="0" tests="1" name="Base.BaseTest" time="8.639" errors="0" timestamp="2024-07-17T10:52:46 IST" skipped="0">
  <testcase classname="Base.BaseTest" name="LoginIntoApplication" time="8.639"/>
</testsuite> <!-- Base.BaseTest -->
