<?xml version="1.0" encoding="UTF-8"?>
<!-- Generated by org.testng.reporters.JUnitReportReporter -->
<testsuite hostname="Vamsi" failures="0" tests="1" name="Modules.Applyleave" time="0.631" errors="0" timestamp="2024-07-20T10:04:28 IST" skipped="0">
  <testcase classname="Modules.Applyleave" name="ClickOnapplyLeave" time="0.631"/>
</testsuite> <!-- Modules.Applyleave -->
